"C:\Program Files\JetBrains\CLion 2017.3.4\bin\cmake\bin\cmake.exe" -DCMAKE_BUILD_TYPE=Debug "-DCMAKE_C_COMPILER=C:/Program Files/mingw-w64/x86_64-4.8.1-posix-seh-rt_v3-rev2/mingw64/bin/gcc.exe" "-DCMAKE_CXX_COMPILER=C:/Program Files/mingw-w64/x86_64-4.8.1-posix-seh-rt_v3-rev2/mingw64/bin/g++.exe" -G "CodeBlocks - MinGW Makefiles" C:\Users\YHK\CLionProjects\5_14일
-- The C compiler identification is GNU 4.8.1
-- The CXX compiler identification is GNU 4.8.1
-- Check for working C compiler: C:/Program Files/mingw-w64/x86_64-4.8.1-posix-seh-rt_v3-rev2/mingw64/bin/gcc.exe
-- Check for working C compiler: C:/Program Files/mingw-w64/x86_64-4.8.1-posix-seh-rt_v3-rev2/mingw64/bin/gcc.exe -- broken
CMake Error at C:/Program Files/JetBrains/CLion 2017.3.4/bin/cmake/share/cmake-3.9/Modules/CMakeTestCCompiler.cmake:51 (message):
  The C compiler "C:/Program
  Files/mingw-w64/x86_64-4.8.1-posix-seh-rt_v3-rev2/mingw64/bin/gcc.exe" is
  not able to compile a simple test program.

  It fails with the following output:

   Change Dir: C:/Users/YHK/CLionProjects/5_14�씪/cmake-build-debug/CMakeFiles/CMakeTmp

  

  Run Build
  Command:"C:/PROGRA~1/MINGW-~1/X86_64~1.1-P/mingw64/bin/mingw32-make.exe"
  "cmTC_19197/fast"

  C:/PROGRA~1/MINGW-~1/X86_64~1.1-P/mingw64/bin/mingw32-make.exe -f
  CMakeFiles\cmTC_19197.dir\build.make CMakeFiles/cmTC_19197.dir/build

  mingw32-make.exe[1]: Entering directory
  'C:/Users/YHK/CLionProjects/5_14�씪/cmake-build-debug/CMakeFiles/CMakeTmp'


  Building C object CMakeFiles/cmTC_19197.dir/testCCompiler.c.obj

  C:\PROGRA~1\MINGW-~1\X86_64~1.1-P\mingw64\bin\gcc.exe -o
  CMakeFiles\cmTC_19197.dir\testCCompiler.c.obj -c
  C:\Users\YHK\CLionProjects\5_14??cmake-build-debug\CMakeFiles\CMakeTmp\testCCompiler.c


  gcc.exe: error:
  C:\Users\YHK\CLionProjects\5_14??cmake-build-debug\CMakeFiles\CMakeTmp\testCCompiler.c:
  Invalid argument

  gcc.exe: fatal error: no input files

  compilation terminated.

  CMakeFiles\cmTC_19197.dir\build.make:64: recipe for target
  'CMakeFiles/cmTC_19197.dir/testCCompiler.c.obj' failed

  mingw32-make.exe[1]: *** [CMakeFiles/cmTC_19197.dir/testCCompiler.c.obj]
  Error 1

  mingw32-make.exe[1]: Leaving directory
  'C:/Users/YHK/CLionProjects/5_14�씪/cmake-build-debug/CMakeFiles/CMakeTmp'


  Makefile:125: recipe for target 'cmTC_19197/fast' failed

  mingw32-make.exe: *** [cmTC_19197/fast] Error 2

  

  

  CMake will not be able to correctly generate this project.
Call Stack (most recent call first):
  CMakeLists.txt:2 (project)


-- Configuring incomplete, errors occurred!
See also "C:/Users/YHK/CLionProjects/5_14�씪/cmake-build-debug/CMakeFiles/CMakeOutput.log".
See also "C:/Users/YHK/CLionProjects/5_14�씪/cmake-build-debug/CMakeFiles/CMakeError.log".
